c:\users\dovel\documents\visual studio 2013\projects\hm-16.7_20180331\build\vc2013\x64\release\tlibencoder\vc120.pdb
c:\users\dovel\documents\visual studio 2013\projects\hm-16.7_20180331\build\vc2013\x64\release\tlibencoder\weightpredanalysis.obj
c:\users\dovel\documents\visual studio 2013\projects\hm-16.7_20180331\build\vc2013\x64\release\tlibencoder\tenctop.obj
c:\users\dovel\documents\visual studio 2013\projects\hm-16.7_20180331\build\vc2013\x64\release\tlibencoder\tencslice.obj
c:\users\dovel\documents\visual studio 2013\projects\hm-16.7_20180331\build\vc2013\x64\release\tlibencoder\tencsearch.obj
c:\users\dovel\documents\visual studio 2013\projects\hm-16.7_20180331\build\vc2013\x64\release\tlibencoder\tencsbac.obj
c:\users\dovel\documents\visual studio 2013\projects\hm-16.7_20180331\build\vc2013\x64\release\tlibencoder\tencsampleadaptiveoffset.obj
c:\users\dovel\documents\visual studio 2013\projects\hm-16.7_20180331\build\vc2013\x64\release\tlibencoder\tencratectrl.obj
c:\users\dovel\documents\visual studio 2013\projects\hm-16.7_20180331\build\vc2013\x64\release\tlibencoder\tencpreanalyzer.obj
c:\users\dovel\documents\visual studio 2013\projects\hm-16.7_20180331\build\vc2013\x64\release\tlibencoder\tencpic.obj
c:\users\dovel\documents\visual studio 2013\projects\hm-16.7_20180331\build\vc2013\x64\release\tlibencoder\tencgop.obj
c:\users\dovel\documents\visual studio 2013\projects\hm-16.7_20180331\build\vc2013\x64\release\tlibencoder\tencentropy.obj
c:\users\dovel\documents\visual studio 2013\projects\hm-16.7_20180331\build\vc2013\x64\release\tlibencoder\tenccu.obj
c:\users\dovel\documents\visual studio 2013\projects\hm-16.7_20180331\build\vc2013\x64\release\tlibencoder\tenccavlc.obj
c:\users\dovel\documents\visual studio 2013\projects\hm-16.7_20180331\build\vc2013\x64\release\tlibencoder\tencbincodercabaccounter.obj
c:\users\dovel\documents\visual studio 2013\projects\hm-16.7_20180331\build\vc2013\x64\release\tlibencoder\tencbincodercabac.obj
c:\users\dovel\documents\visual studio 2013\projects\hm-16.7_20180331\build\vc2013\x64\release\tlibencoder\syntaxelementwriter.obj
c:\users\dovel\documents\visual studio 2013\projects\hm-16.7_20180331\build\vc2013\x64\release\tlibencoder\seiwrite.obj
c:\users\dovel\documents\visual studio 2013\projects\hm-16.7_20180331\build\vc2013\x64\release\tlibencoder\seiencoder.obj
c:\users\dovel\documents\visual studio 2013\projects\hm-16.7_20180331\build\vc2013\x64\release\tlibencoder\nalwrite.obj
c:\users\dovel\documents\visual studio 2013\projects\hm-16.7-featureextractv2_20180720backup\build\vc2013\x64\release\tlibencoder\vc120.pdb
c:\users\dovel\documents\visual studio 2013\projects\hm-16.7-featureextractv2_20180720backup\build\vc2013\x64\release\tlibencoder\weightpredanalysis.obj
c:\users\dovel\documents\visual studio 2013\projects\hm-16.7-featureextractv2_20180720backup\build\vc2013\x64\release\tlibencoder\tenctop.obj
c:\users\dovel\documents\visual studio 2013\projects\hm-16.7-featureextractv2_20180720backup\build\vc2013\x64\release\tlibencoder\tencslice.obj
c:\users\dovel\documents\visual studio 2013\projects\hm-16.7-featureextractv2_20180720backup\build\vc2013\x64\release\tlibencoder\tencsearch.obj
c:\users\dovel\documents\visual studio 2013\projects\hm-16.7-featureextractv2_20180720backup\build\vc2013\x64\release\tlibencoder\tencsbac.obj
c:\users\dovel\documents\visual studio 2013\projects\hm-16.7-featureextractv2_20180720backup\build\vc2013\x64\release\tlibencoder\tencsampleadaptiveoffset.obj
c:\users\dovel\documents\visual studio 2013\projects\hm-16.7-featureextractv2_20180720backup\build\vc2013\x64\release\tlibencoder\tencratectrl.obj
c:\users\dovel\documents\visual studio 2013\projects\hm-16.7-featureextractv2_20180720backup\build\vc2013\x64\release\tlibencoder\tencpreanalyzer.obj
c:\users\dovel\documents\visual studio 2013\projects\hm-16.7-featureextractv2_20180720backup\build\vc2013\x64\release\tlibencoder\tencpic.obj
c:\users\dovel\documents\visual studio 2013\projects\hm-16.7-featureextractv2_20180720backup\build\vc2013\x64\release\tlibencoder\tencgop.obj
c:\users\dovel\documents\visual studio 2013\projects\hm-16.7-featureextractv2_20180720backup\build\vc2013\x64\release\tlibencoder\tencentropy.obj
c:\users\dovel\documents\visual studio 2013\projects\hm-16.7-featureextractv2_20180720backup\build\vc2013\x64\release\tlibencoder\tenccu.obj
c:\users\dovel\documents\visual studio 2013\projects\hm-16.7-featureextractv2_20180720backup\build\vc2013\x64\release\tlibencoder\tenccavlc.obj
c:\users\dovel\documents\visual studio 2013\projects\hm-16.7-featureextractv2_20180720backup\build\vc2013\x64\release\tlibencoder\tencbincodercabaccounter.obj
c:\users\dovel\documents\visual studio 2013\projects\hm-16.7-featureextractv2_20180720backup\build\vc2013\x64\release\tlibencoder\tencbincodercabac.obj
c:\users\dovel\documents\visual studio 2013\projects\hm-16.7-featureextractv2_20180720backup\build\vc2013\x64\release\tlibencoder\syntaxelementwriter.obj
c:\users\dovel\documents\visual studio 2013\projects\hm-16.7-featureextractv2_20180720backup\build\vc2013\x64\release\tlibencoder\seiwrite.obj
c:\users\dovel\documents\visual studio 2013\projects\hm-16.7-featureextractv2_20180720backup\build\vc2013\x64\release\tlibencoder\seiencoder.obj
c:\users\dovel\documents\visual studio 2013\projects\hm-16.7-featureextractv2_20180720backup\build\vc2013\x64\release\tlibencoder\nalwrite.obj
c:\users\dovel\documents\visual studio 2013\projects\hm-16.7_20180331\build\vc2013\x64\release\tlibencoder\tlibencoder.lib
c:\users\dovel\documents\visual studio 2013\projects\hm-16.7-featureextractv2_20180720backup\build\vc2013\x64\release\tlibencoder\tlibencoder.lib
c:\users\dovel\documents\visual studio 2013\projects\hm-16.7-featureextractv2_20180720backup\build\\vc2013\x64\release\tlibencoder\tlibencoder.lib
c:\users\dovel\documents\visual studio 2013\projects\hm-16.7-featureextractv2_20180720backup\build\vc2013\x64\release\tlibencoder\tlibencoder.tlog\cl.command.1.tlog
c:\users\dovel\documents\visual studio 2013\projects\hm-16.7-featureextractv2_20180720backup\build\vc2013\x64\release\tlibencoder\tlibencoder.tlog\cl.read.1.tlog
c:\users\dovel\documents\visual studio 2013\projects\hm-16.7-featureextractv2_20180720backup\build\vc2013\x64\release\tlibencoder\tlibencoder.tlog\cl.write.1.tlog
c:\users\dovel\documents\visual studio 2013\projects\hm-16.7-featureextractv2_20180720backup\build\vc2013\x64\release\tlibencoder\tlibencoder.tlog\lib-link.read.1.tlog
c:\users\dovel\documents\visual studio 2013\projects\hm-16.7-featureextractv2_20180720backup\build\vc2013\x64\release\tlibencoder\tlibencoder.tlog\lib-link.write.1.tlog
c:\users\dovel\documents\visual studio 2013\projects\hm-16.7-featureextractv2_20180720backup\build\vc2013\x64\release\tlibencoder\tlibencoder.tlog\lib.command.1.tlog
