c:\users\dovel\documents\visual studio 2013\projects\hm-16.7_20180331\build\vc2013\x64\release\tlibdecoder\vc120.pdb
c:\users\dovel\documents\visual studio 2013\projects\hm-16.7_20180331\build\vc2013\x64\release\tlibdecoder\tdectop.obj
c:\users\dovel\documents\visual studio 2013\projects\hm-16.7_20180331\build\vc2013\x64\release\tlibdecoder\tdecslice.obj
c:\users\dovel\documents\visual studio 2013\projects\hm-16.7_20180331\build\vc2013\x64\release\tlibdecoder\tdecsbac.obj
c:\users\dovel\documents\visual studio 2013\projects\hm-16.7_20180331\build\vc2013\x64\release\tlibdecoder\tdecgop.obj
c:\users\dovel\documents\visual studio 2013\projects\hm-16.7_20180331\build\vc2013\x64\release\tlibdecoder\tdecentropy.obj
c:\users\dovel\documents\visual studio 2013\projects\hm-16.7_20180331\build\vc2013\x64\release\tlibdecoder\tdeccu.obj
c:\users\dovel\documents\visual studio 2013\projects\hm-16.7_20180331\build\vc2013\x64\release\tlibdecoder\tdeccavlc.obj
c:\users\dovel\documents\visual studio 2013\projects\hm-16.7_20180331\build\vc2013\x64\release\tlibdecoder\tdecbincodercabac.obj
c:\users\dovel\documents\visual studio 2013\projects\hm-16.7_20180331\build\vc2013\x64\release\tlibdecoder\syntaxelementparser.obj
c:\users\dovel\documents\visual studio 2013\projects\hm-16.7_20180331\build\vc2013\x64\release\tlibdecoder\seiread.obj
c:\users\dovel\documents\visual studio 2013\projects\hm-16.7_20180331\build\vc2013\x64\release\tlibdecoder\nalread.obj
c:\users\dovel\documents\visual studio 2013\projects\hm-16.7_20180331\build\vc2013\x64\release\tlibdecoder\annexbread.obj
c:\users\dovel\documents\visual studio 2013\projects\hm-16.7_20180331\build\vc2013\x64\release\tlibdecoder\tlibdecoder.lib
c:\users\dovel\documents\visual studio 2013\projects\hm-16.7-featureextractv2_20180720backup\build\vc2013\x64\release\tlibdecoder\annexbread.obj
c:\users\dovel\documents\visual studio 2013\projects\hm-16.7-featureextractv2_20180720backup\build\vc2013\x64\release\tlibdecoder\nalread.obj
c:\users\dovel\documents\visual studio 2013\projects\hm-16.7-featureextractv2_20180720backup\build\vc2013\x64\release\tlibdecoder\seiread.obj
c:\users\dovel\documents\visual studio 2013\projects\hm-16.7-featureextractv2_20180720backup\build\vc2013\x64\release\tlibdecoder\syntaxelementparser.obj
c:\users\dovel\documents\visual studio 2013\projects\hm-16.7-featureextractv2_20180720backup\build\vc2013\x64\release\tlibdecoder\tdecbincodercabac.obj
c:\users\dovel\documents\visual studio 2013\projects\hm-16.7-featureextractv2_20180720backup\build\vc2013\x64\release\tlibdecoder\tdeccavlc.obj
c:\users\dovel\documents\visual studio 2013\projects\hm-16.7-featureextractv2_20180720backup\build\vc2013\x64\release\tlibdecoder\tdeccu.obj
c:\users\dovel\documents\visual studio 2013\projects\hm-16.7-featureextractv2_20180720backup\build\vc2013\x64\release\tlibdecoder\tdecentropy.obj
c:\users\dovel\documents\visual studio 2013\projects\hm-16.7-featureextractv2_20180720backup\build\vc2013\x64\release\tlibdecoder\tdecgop.obj
c:\users\dovel\documents\visual studio 2013\projects\hm-16.7-featureextractv2_20180720backup\build\vc2013\x64\release\tlibdecoder\tdecsbac.obj
c:\users\dovel\documents\visual studio 2013\projects\hm-16.7-featureextractv2_20180720backup\build\vc2013\x64\release\tlibdecoder\tdecslice.obj
c:\users\dovel\documents\visual studio 2013\projects\hm-16.7-featureextractv2_20180720backup\build\vc2013\x64\release\tlibdecoder\tdectop.obj
c:\users\dovel\documents\visual studio 2013\projects\hm-16.7-featureextractv2_20180720backup\build\vc2013\x64\release\tlibdecoder\vc120.pdb
c:\users\dovel\documents\visual studio 2013\projects\hm-16.7-featureextractv2_20180720backup\build\\vc2013\x64\release\tlibdecoder\tlibdecoder.lib
c:\users\dovel\documents\visual studio 2013\projects\hm-16.7-featureextractv2_20180720backup\build\vc2013\x64\release\tlibdecoder\tlibdecoder.tlog\cl.command.1.tlog
c:\users\dovel\documents\visual studio 2013\projects\hm-16.7-featureextractv2_20180720backup\build\vc2013\x64\release\tlibdecoder\tlibdecoder.tlog\cl.read.1.tlog
c:\users\dovel\documents\visual studio 2013\projects\hm-16.7-featureextractv2_20180720backup\build\vc2013\x64\release\tlibdecoder\tlibdecoder.tlog\cl.write.1.tlog
c:\users\dovel\documents\visual studio 2013\projects\hm-16.7-featureextractv2_20180720backup\build\vc2013\x64\release\tlibdecoder\tlibdecoder.tlog\lib-link.read.1.tlog
c:\users\dovel\documents\visual studio 2013\projects\hm-16.7-featureextractv2_20180720backup\build\vc2013\x64\release\tlibdecoder\tlibdecoder.tlog\lib-link.write.1.tlog
c:\users\dovel\documents\visual studio 2013\projects\hm-16.7-featureextractv2_20180720backup\build\vc2013\x64\release\tlibdecoder\tlibdecoder.tlog\lib.command.1.tlog
