c:\users\dovel\documents\visual studio 2013\projects\hm-16.7_20180331\build\vc2013\x64\release\tlibcommon\vc120.pdb
c:\users\dovel\documents\visual studio 2013\projects\hm-16.7_20180331\build\vc2013\x64\release\tlibcommon\libmd5.obj
c:\users\dovel\documents\visual studio 2013\projects\hm-16.7_20180331\build\vc2013\x64\release\tlibcommon\tcomrom.obj
c:\users\dovel\documents\visual studio 2013\projects\hm-16.7_20180331\build\vc2013\x64\release\tlibcommon\tcomrdcostweightprediction.obj
c:\users\dovel\documents\visual studio 2013\projects\hm-16.7_20180331\build\vc2013\x64\release\tlibcommon\tcomrdcost.obj
c:\users\dovel\documents\visual studio 2013\projects\hm-16.7_20180331\build\vc2013\x64\release\tlibcommon\tcomprediction.obj
c:\users\dovel\documents\visual studio 2013\projects\hm-16.7_20180331\build\vc2013\x64\release\tlibcommon\tcompicyuvmd5.obj
c:\users\dovel\documents\visual studio 2013\projects\hm-16.7_20180331\build\vc2013\x64\release\tlibcommon\tcompicyuv.obj
c:\users\dovel\documents\visual studio 2013\projects\hm-16.7_20180331\build\vc2013\x64\release\tlibcommon\tcompicsym.obj
c:\users\dovel\documents\visual studio 2013\projects\hm-16.7_20180331\build\vc2013\x64\release\tlibcommon\tcompic.obj
c:\users\dovel\documents\visual studio 2013\projects\hm-16.7_20180331\build\vc2013\x64\release\tlibcommon\tcompattern.obj
c:\users\dovel\documents\visual studio 2013\projects\hm-16.7_20180331\build\vc2013\x64\release\tlibcommon\tcommotioninfo.obj
c:\users\dovel\documents\visual studio 2013\projects\hm-16.7_20180331\build\vc2013\x64\release\tlibcommon\tcomloopfilter.obj
c:\users\dovel\documents\visual studio 2013\projects\hm-16.7_20180331\build\vc2013\x64\release\tlibcommon\tcominterpolationfilter.obj
c:\users\dovel\documents\visual studio 2013\projects\hm-16.7_20180331\build\vc2013\x64\release\tlibcommon\tcomdatacu.obj
c:\users\dovel\documents\visual studio 2013\projects\hm-16.7_20180331\build\vc2013\x64\release\tlibcommon\tcomchromaformat.obj
c:\users\dovel\documents\visual studio 2013\projects\hm-16.7_20180331\build\vc2013\x64\release\tlibcommon\tcomcabactables.obj
c:\users\dovel\documents\visual studio 2013\projects\hm-16.7_20180331\build\vc2013\x64\release\tlibcommon\tcombitstream.obj
c:\users\dovel\documents\visual studio 2013\projects\hm-16.7_20180331\build\vc2013\x64\release\tlibcommon\sei.obj
c:\users\dovel\documents\visual studio 2013\projects\hm-16.7_20180331\build\vc2013\x64\release\tlibcommon\debug.obj
c:\users\dovel\documents\visual studio 2013\projects\hm-16.7_20180331\build\vc2013\x64\release\tlibcommon\contextmodel3dbuffer.obj
c:\users\dovel\documents\visual studio 2013\projects\hm-16.7_20180331\build\vc2013\x64\release\tlibcommon\contextmodel.obj
c:\users\dovel\documents\visual studio 2013\projects\hm-16.7_20180331\build\vc2013\x64\release\tlibcommon\tcomyuv.obj
c:\users\dovel\documents\visual studio 2013\projects\hm-16.7_20180331\build\vc2013\x64\release\tlibcommon\tcomweightprediction.obj
c:\users\dovel\documents\visual studio 2013\projects\hm-16.7_20180331\build\vc2013\x64\release\tlibcommon\tcomtu.obj
c:\users\dovel\documents\visual studio 2013\projects\hm-16.7_20180331\build\vc2013\x64\release\tlibcommon\tcomtrquant.obj
c:\users\dovel\documents\visual studio 2013\projects\hm-16.7_20180331\build\vc2013\x64\release\tlibcommon\tcomslice.obj
c:\users\dovel\documents\visual studio 2013\projects\hm-16.7_20180331\build\vc2013\x64\release\tlibcommon\tcomsampleadaptiveoffset.obj
c:\users\dovel\documents\visual studio 2013\projects\hm-16.7-featureextractv2_20180720backup\build\vc2013\x64\release\tlibcommon\vc120.pdb
c:\users\dovel\documents\visual studio 2013\projects\hm-16.7-featureextractv2_20180720backup\build\vc2013\x64\release\tlibcommon\libmd5.obj
c:\users\dovel\documents\visual studio 2013\projects\hm-16.7-featureextractv2_20180720backup\build\vc2013\x64\release\tlibcommon\tcomrdcostweightprediction.obj
c:\users\dovel\documents\visual studio 2013\projects\hm-16.7-featureextractv2_20180720backup\build\vc2013\x64\release\tlibcommon\tcomrdcost.obj
c:\users\dovel\documents\visual studio 2013\projects\hm-16.7-featureextractv2_20180720backup\build\vc2013\x64\release\tlibcommon\tcomprediction.obj
c:\users\dovel\documents\visual studio 2013\projects\hm-16.7-featureextractv2_20180720backup\build\vc2013\x64\release\tlibcommon\tcompicyuvmd5.obj
c:\users\dovel\documents\visual studio 2013\projects\hm-16.7-featureextractv2_20180720backup\build\vc2013\x64\release\tlibcommon\tcompicyuv.obj
c:\users\dovel\documents\visual studio 2013\projects\hm-16.7-featureextractv2_20180720backup\build\vc2013\x64\release\tlibcommon\tcompicsym.obj
c:\users\dovel\documents\visual studio 2013\projects\hm-16.7-featureextractv2_20180720backup\build\vc2013\x64\release\tlibcommon\tcompic.obj
c:\users\dovel\documents\visual studio 2013\projects\hm-16.7-featureextractv2_20180720backup\build\vc2013\x64\release\tlibcommon\tcompattern.obj
c:\users\dovel\documents\visual studio 2013\projects\hm-16.7-featureextractv2_20180720backup\build\vc2013\x64\release\tlibcommon\tcommotioninfo.obj
c:\users\dovel\documents\visual studio 2013\projects\hm-16.7-featureextractv2_20180720backup\build\vc2013\x64\release\tlibcommon\tcomloopfilter.obj
c:\users\dovel\documents\visual studio 2013\projects\hm-16.7-featureextractv2_20180720backup\build\vc2013\x64\release\tlibcommon\tcominterpolationfilter.obj
c:\users\dovel\documents\visual studio 2013\projects\hm-16.7-featureextractv2_20180720backup\build\vc2013\x64\release\tlibcommon\tcomdatacu.obj
c:\users\dovel\documents\visual studio 2013\projects\hm-16.7-featureextractv2_20180720backup\build\vc2013\x64\release\tlibcommon\tcomchromaformat.obj
c:\users\dovel\documents\visual studio 2013\projects\hm-16.7-featureextractv2_20180720backup\build\vc2013\x64\release\tlibcommon\tcomcabactables.obj
c:\users\dovel\documents\visual studio 2013\projects\hm-16.7-featureextractv2_20180720backup\build\vc2013\x64\release\tlibcommon\tcombitstream.obj
c:\users\dovel\documents\visual studio 2013\projects\hm-16.7-featureextractv2_20180720backup\build\vc2013\x64\release\tlibcommon\svm.obj
c:\users\dovel\documents\visual studio 2013\projects\hm-16.7-featureextractv2_20180720backup\build\vc2013\x64\release\tlibcommon\sei.obj
c:\users\dovel\documents\visual studio 2013\projects\hm-16.7-featureextractv2_20180720backup\build\vc2013\x64\release\tlibcommon\debug.obj
c:\users\dovel\documents\visual studio 2013\projects\hm-16.7-featureextractv2_20180720backup\build\vc2013\x64\release\tlibcommon\contextmodel3dbuffer.obj
c:\users\dovel\documents\visual studio 2013\projects\hm-16.7-featureextractv2_20180720backup\build\vc2013\x64\release\tlibcommon\contextmodel.obj
c:\users\dovel\documents\visual studio 2013\projects\hm-16.7-featureextractv2_20180720backup\build\vc2013\x64\release\tlibcommon\treenode.obj
c:\users\dovel\documents\visual studio 2013\projects\hm-16.7-featureextractv2_20180720backup\build\vc2013\x64\release\tlibcommon\tree.obj
c:\users\dovel\documents\visual studio 2013\projects\hm-16.7-featureextractv2_20180720backup\build\vc2013\x64\release\tlibcommon\splitinfo.obj
c:\users\dovel\documents\visual studio 2013\projects\hm-16.7-featureextractv2_20180720backup\build\vc2013\x64\release\tlibcommon\logstream.obj
c:\users\dovel\documents\visual studio 2013\projects\hm-16.7-featureextractv2_20180720backup\build\vc2013\x64\release\tlibcommon\inddata.obj
c:\users\dovel\documents\visual studio 2013\projects\hm-16.7-featureextractv2_20180720backup\build\vc2013\x64\release\tlibcommon\functions.obj
c:\users\dovel\documents\visual studio 2013\projects\hm-16.7-featureextractv2_20180720backup\build\vc2013\x64\release\tlibcommon\bt_functions.obj
c:\users\dovel\documents\visual studio 2013\projects\hm-16.7-featureextractv2_20180720backup\build\vc2013\x64\release\tlibcommon\tcomyuv.obj
c:\users\dovel\documents\visual studio 2013\projects\hm-16.7-featureextractv2_20180720backup\build\vc2013\x64\release\tlibcommon\tcomweightprediction.obj
c:\users\dovel\documents\visual studio 2013\projects\hm-16.7-featureextractv2_20180720backup\build\vc2013\x64\release\tlibcommon\tcomtu.obj
c:\users\dovel\documents\visual studio 2013\projects\hm-16.7-featureextractv2_20180720backup\build\vc2013\x64\release\tlibcommon\tcomtrquant.obj
c:\users\dovel\documents\visual studio 2013\projects\hm-16.7-featureextractv2_20180720backup\build\vc2013\x64\release\tlibcommon\tcomslice.obj
c:\users\dovel\documents\visual studio 2013\projects\hm-16.7-featureextractv2_20180720backup\build\vc2013\x64\release\tlibcommon\tcomsampleadaptiveoffset.obj
c:\users\dovel\documents\visual studio 2013\projects\hm-16.7-featureextractv2_20180720backup\build\vc2013\x64\release\tlibcommon\tcomrom.obj
c:\users\dovel\documents\visual studio 2013\projects\hm-16.7_20180331\build\vc2013\x64\release\tlibcommon\tlibcommon.lib
c:\users\dovel\documents\visual studio 2013\projects\hm-16.7-featureextractv2_20180720backup\build\vc2013\x64\release\tlibcommon\tlibcommon.lib
c:\users\dovel\documents\visual studio 2013\projects\hm-16.7-featureextractv2_20180720backup\build\\vc2013\x64\release\tlibcommon\tlibcommon.lib
c:\users\dovel\documents\visual studio 2013\projects\hm-16.7-featureextractv2_20180720backup\build\vc2013\x64\release\tlibcommon\tlibcommon.tlog\cl.command.1.tlog
c:\users\dovel\documents\visual studio 2013\projects\hm-16.7-featureextractv2_20180720backup\build\vc2013\x64\release\tlibcommon\tlibcommon.tlog\cl.read.1.tlog
c:\users\dovel\documents\visual studio 2013\projects\hm-16.7-featureextractv2_20180720backup\build\vc2013\x64\release\tlibcommon\tlibcommon.tlog\cl.write.1.tlog
c:\users\dovel\documents\visual studio 2013\projects\hm-16.7-featureextractv2_20180720backup\build\vc2013\x64\release\tlibcommon\tlibcommon.tlog\lib-link.read.1.tlog
c:\users\dovel\documents\visual studio 2013\projects\hm-16.7-featureextractv2_20180720backup\build\vc2013\x64\release\tlibcommon\tlibcommon.tlog\lib-link.write.1.tlog
c:\users\dovel\documents\visual studio 2013\projects\hm-16.7-featureextractv2_20180720backup\build\vc2013\x64\release\tlibcommon\tlibcommon.tlog\lib.command.1.tlog
