Build started 2018/4/9 16:18:22.
     1>Project "C:\Users\dovel\Documents\Visual Studio 2013\Projects\HM-16.7_20180331\build\vc2013\TAppEncoder_vc2013.vcxproj" on node 3 (Rebuild target(s)).
     1>ClCompile:
         C:\Program Files (x86)\Microsoft Visual Studio 12.0\VC\bin\x86_amd64\CL.exe /c /I"C:\Users\dovel\Documents\Visual Studio 2013\Projects\HM-16.7_20180331\build\\..\source\Lib\\" /Zi /nologo /W3 /WX- /Od /D WIN32 /D _DEBUG /D _CONSOLE /D _CRT_SECURE_NO_WARNINGS /D _MBCS /Gm /EHsc /RTC1 /MTd /GS /fp:precise /Zc:wchar_t /Zc:forScope /Fo"C:\Users\dovel\Documents\Visual Studio 2013\Projects\HM-16.7_20180331\build\\vc2013\x64\Debug\TAppEncoder\\" /Fd"C:\Users\dovel\Documents\Visual Studio 2013\Projects\HM-16.7_20180331\build\\vc2013\x64\Debug\TAppEncoder\vc120.pdb" /Gd /TP /errorReport:prompt ..\..\source\App\TAppEncoder\encmain.cpp ..\..\source\App\TAppEncoder\TAppEncCfg.cpp ..\..\source\App\TAppEncoder\TAppEncTop.cpp
         TAppEncTop.cpp
         TAppEncCfg.cpp
         encmain.cpp
         Generating Code...
       Link:
         C:\Program Files (x86)\Microsoft Visual Studio 12.0\VC\bin\x86_amd64\link.exe /ERRORREPORT:PROMPT /OUT:"C:\Users\dovel\Documents\Visual Studio 2013\Projects\HM-16.7_20180331\build\\..\bin\vc2013\x64\Debug\TAppEncoder.exe" /INCREMENTAL /NOLOGO kernel32.lib user32.lib gdi32.lib winspool.lib comdlg32.lib advapi32.lib shell32.lib ole32.lib oleaut32.lib uuid.lib odbc32.lib odbccp32.lib /MANIFEST /MANIFESTUAC:"level='asInvoker' uiAccess='false'" /manifest:embed /DEBUG /PDB:"C:\Users\dovel\Documents\Visual Studio 2013\Projects\HM-16.7_20180331\build\\..\bin\vc2013\x64\Debug\TAppEncoder.pdb" /SUBSYSTEM:CONSOLE /TLBID:1 /DYNAMICBASE /NXCOMPAT /IMPLIB:"C:\Users\dovel\Documents\Visual Studio 2013\Projects\HM-16.7_20180331\build\\..\bin\vc2013\x64\Debug\TAppEncoder.lib" /MACHINE:X64 "C:\Users\dovel\Documents\Visual Studio 2013\Projects\HM-16.7_20180331\build\\vc2013\x64\Debug\TAppEncoder\encmain.obj"
         "C:\Users\dovel\Documents\Visual Studio 2013\Projects\HM-16.7_20180331\build\\vc2013\x64\Debug\TAppEncoder\TAppEncCfg.obj"
         "C:\Users\dovel\Documents\Visual Studio 2013\Projects\HM-16.7_20180331\build\\vc2013\x64\Debug\TAppEncoder\TAppEncTop.obj"
         "C:\Users\dovel\Documents\Visual Studio 2013\Projects\HM-16.7_20180331\build\vc2013\x64\Debug\TAppCommon\TAppCommon.lib"
         "C:\Users\dovel\Documents\Visual Studio 2013\Projects\HM-16.7_20180331\build\vc2013\x64\Debug\TLibCommon\TLibCommon.lib"
         "C:\Users\dovel\Documents\Visual Studio 2013\Projects\HM-16.7_20180331\build\vc2013\x64\Debug\TLibEncoder\TLibEncoder.lib"
         "C:\Users\dovel\Documents\Visual Studio 2013\Projects\HM-16.7_20180331\build\vc2013\x64\Debug\TLibVideoIo\TLibVideoIO.lib"
         TAppEncoder_vc2013.vcxproj -> C:\Users\dovel\Documents\Visual Studio 2013\Projects\HM-16.7_20180331\build\\..\bin\vc2013\x64\Debug\TAppEncoder.exe
     1>Done Building Project "C:\Users\dovel\Documents\Visual Studio 2013\Projects\HM-16.7_20180331\build\vc2013\TAppEncoder_vc2013.vcxproj" (Rebuild target(s)).

Build succeeded.

Time Elapsed 00:00:07.03
