c:\users\dovel\documents\visual studio 2013\projects\hm-16.7-20180713\build\baggedtrees\debug\vc120.pdb
c:\users\dovel\documents\visual studio 2013\projects\hm-16.7-20180713\build\baggedtrees\debug\vc120.idb
c:\users\dovel\documents\visual studio 2013\projects\hm-16.7-20180713\build\baggedtrees\debug\bt_functions.obj
c:\users\dovel\documents\visual studio 2013\projects\hm-16.7-20180713\build\baggedtrees\debug\bt_predict.obj
c:\users\dovel\documents\visual studio 2013\projects\hm-16.7-20180713\build\baggedtrees\debug\functions.obj
c:\users\dovel\documents\visual studio 2013\projects\hm-16.7-20180713\build\baggedtrees\debug\inddata.obj
c:\users\dovel\documents\visual studio 2013\projects\hm-16.7-20180713\build\baggedtrees\debug\logstream.obj
c:\users\dovel\documents\visual studio 2013\projects\hm-16.7-20180713\build\baggedtrees\debug\splitinfo.obj
c:\users\dovel\documents\visual studio 2013\projects\hm-16.7-20180713\build\baggedtrees\debug\tree.obj
c:\users\dovel\documents\visual studio 2013\projects\hm-16.7-20180713\build\baggedtrees\debug\treenode.obj
c:\users\dovel\documents\visual studio 2013\projects\hm-16.7-20180713\build\debug\baggedtrees.ilk
c:\users\dovel\documents\visual studio 2013\projects\hm-16.7-20180713\build\debug\baggedtrees.exe
c:\users\dovel\documents\visual studio 2013\projects\hm-16.7-20180713\build\debug\baggedtrees.pdb
c:\users\dovel\documents\visual studio 2013\projects\hm-16.7-featureextractv2_20180720backup\build\baggedtrees\debug\bt_functions.obj
c:\users\dovel\documents\visual studio 2013\projects\hm-16.7-featureextractv2_20180720backup\build\baggedtrees\debug\bt_predict.obj
c:\users\dovel\documents\visual studio 2013\projects\hm-16.7-featureextractv2_20180720backup\build\baggedtrees\debug\functions.obj
c:\users\dovel\documents\visual studio 2013\projects\hm-16.7-featureextractv2_20180720backup\build\baggedtrees\debug\inddata.obj
c:\users\dovel\documents\visual studio 2013\projects\hm-16.7-featureextractv2_20180720backup\build\baggedtrees\debug\logstream.obj
c:\users\dovel\documents\visual studio 2013\projects\hm-16.7-featureextractv2_20180720backup\build\baggedtrees\debug\splitinfo.obj
c:\users\dovel\documents\visual studio 2013\projects\hm-16.7-featureextractv2_20180720backup\build\baggedtrees\debug\tree.obj
c:\users\dovel\documents\visual studio 2013\projects\hm-16.7-featureextractv2_20180720backup\build\baggedtrees\debug\treenode.obj
c:\users\dovel\documents\visual studio 2013\projects\hm-16.7-featureextractv2_20180720backup\build\baggedtrees\debug\vc120.idb
c:\users\dovel\documents\visual studio 2013\projects\hm-16.7-featureextractv2_20180720backup\build\baggedtrees\debug\vc120.pdb
c:\users\dovel\documents\visual studio 2013\projects\hm-16.7-featureextractv2_20180720backup\build\debug\baggedtrees.pdb
c:\users\dovel\documents\visual studio 2013\projects\hm-16.7-featureextractv2_20180720backup\build\debug\baggedtrees.exe
c:\users\dovel\documents\visual studio 2013\projects\hm-16.7-featureextractv2_20180720backup\build\debug\baggedtrees.ilk
c:\users\dovel\documents\visual studio 2013\projects\hm-16.7-featureextractv2_20180720backup\build\baggedtrees\debug\baggedtrees.tlog\cl.command.1.tlog
c:\users\dovel\documents\visual studio 2013\projects\hm-16.7-featureextractv2_20180720backup\build\baggedtrees\debug\baggedtrees.tlog\cl.read.1.tlog
c:\users\dovel\documents\visual studio 2013\projects\hm-16.7-featureextractv2_20180720backup\build\baggedtrees\debug\baggedtrees.tlog\cl.write.1.tlog
c:\users\dovel\documents\visual studio 2013\projects\hm-16.7-featureextractv2_20180720backup\build\baggedtrees\debug\baggedtrees.tlog\link.command.1.tlog
c:\users\dovel\documents\visual studio 2013\projects\hm-16.7-featureextractv2_20180720backup\build\baggedtrees\debug\baggedtrees.tlog\link.read.1.tlog
c:\users\dovel\documents\visual studio 2013\projects\hm-16.7-featureextractv2_20180720backup\build\baggedtrees\debug\baggedtrees.tlog\link.write.1.tlog
