c:\users\dovel\documents\visual studio 2013\projects\hm-16.7-20180713\build\vc2013\win32\debug\tappencoder\vc120.pdb
c:\users\dovel\documents\visual studio 2013\projects\hm-16.7-20180713\build\vc2013\win32\debug\tappencoder\vc120.idb
c:\users\dovel\documents\visual studio 2013\projects\hm-16.7-20180713\build\vc2013\win32\debug\tappencoder\tappenccfg.obj
c:\users\dovel\documents\visual studio 2013\projects\hm-16.7-20180713\build\vc2013\win32\debug\tappencoder\tappenctop.obj
c:\users\dovel\documents\visual studio 2013\projects\hm-16.7-20180713\build\vc2013\win32\debug\tappencoder\encmain.obj
c:\users\dovel\documents\visual studio 2013\projects\hm-16.7-20180713\bin\vc2013\win32\debug\tappencoder.ilk
c:\users\dovel\documents\visual studio 2013\projects\hm-16.7-20180713\bin\vc2013\win32\debug\tappencoder.exe
c:\users\dovel\documents\visual studio 2013\projects\hm-16.7-20180713\bin\vc2013\win32\debug\tappencoder.pdb
c:\users\dovel\documents\visual studio 2013\projects\hm-16.7-featureextractv2_20180720backup\build\vc2013\win32\debug\tappencoder\encmain.obj
c:\users\dovel\documents\visual studio 2013\projects\hm-16.7-featureextractv2_20180720backup\build\vc2013\win32\debug\tappencoder\tappenccfg.obj
c:\users\dovel\documents\visual studio 2013\projects\hm-16.7-featureextractv2_20180720backup\build\vc2013\win32\debug\tappencoder\tappenctop.obj
c:\users\dovel\documents\visual studio 2013\projects\hm-16.7-featureextractv2_20180720backup\build\vc2013\win32\debug\tappencoder\vc120.idb
c:\users\dovel\documents\visual studio 2013\projects\hm-16.7-featureextractv2_20180720backup\build\vc2013\win32\debug\tappencoder\vc120.pdb
c:\users\dovel\documents\visual studio 2013\projects\hm-16.7-featureextractv2_20180720backup\build\\..\bin\vc2013\win32\debug\tappencoder.pdb
c:\users\dovel\documents\visual studio 2013\projects\hm-16.7-featureextractv2_20180720backup\build\\..\bin\vc2013\win32\debug\tappencoder.ilk
c:\users\dovel\documents\visual studio 2013\projects\hm-16.7-featureextractv2_20180720backup\build\vc2013\win32\debug\tappencoder\tappencoder.tlog\cl.command.1.tlog
c:\users\dovel\documents\visual studio 2013\projects\hm-16.7-featureextractv2_20180720backup\build\vc2013\win32\debug\tappencoder\tappencoder.tlog\cl.read.1.tlog
c:\users\dovel\documents\visual studio 2013\projects\hm-16.7-featureextractv2_20180720backup\build\vc2013\win32\debug\tappencoder\tappencoder.tlog\cl.write.1.tlog
c:\users\dovel\documents\visual studio 2013\projects\hm-16.7-featureextractv2_20180720backup\build\vc2013\win32\debug\tappencoder\tappencoder.tlog\link.command.1.tlog
c:\users\dovel\documents\visual studio 2013\projects\hm-16.7-featureextractv2_20180720backup\build\vc2013\win32\debug\tappencoder\tappencoder.tlog\link.read.1.tlog
c:\users\dovel\documents\visual studio 2013\projects\hm-16.7-featureextractv2_20180720backup\build\vc2013\win32\debug\tappencoder\tappencoder.tlog\link.write.1.tlog
