c:\users\dovel\documents\visual studio 2013\projects\hm-16.7_20180331\build\vc2013\x64\release\tlibdecoderanalyser\vc120.pdb
c:\users\dovel\documents\visual studio 2013\projects\hm-16.7_20180331\build\vc2013\x64\release\tlibdecoderanalyser\tdectop.obj
c:\users\dovel\documents\visual studio 2013\projects\hm-16.7_20180331\build\vc2013\x64\release\tlibdecoderanalyser\tdecslice.obj
c:\users\dovel\documents\visual studio 2013\projects\hm-16.7_20180331\build\vc2013\x64\release\tlibdecoderanalyser\tdecsbac.obj
c:\users\dovel\documents\visual studio 2013\projects\hm-16.7_20180331\build\vc2013\x64\release\tlibdecoderanalyser\tdecgop.obj
c:\users\dovel\documents\visual studio 2013\projects\hm-16.7_20180331\build\vc2013\x64\release\tlibdecoderanalyser\tdecentropy.obj
c:\users\dovel\documents\visual studio 2013\projects\hm-16.7_20180331\build\vc2013\x64\release\tlibdecoderanalyser\tdeccu.obj
c:\users\dovel\documents\visual studio 2013\projects\hm-16.7_20180331\build\vc2013\x64\release\tlibdecoderanalyser\tdeccavlc.obj
c:\users\dovel\documents\visual studio 2013\projects\hm-16.7_20180331\build\vc2013\x64\release\tlibdecoderanalyser\tdecbincodercabac.obj
c:\users\dovel\documents\visual studio 2013\projects\hm-16.7_20180331\build\vc2013\x64\release\tlibdecoderanalyser\syntaxelementparser.obj
c:\users\dovel\documents\visual studio 2013\projects\hm-16.7_20180331\build\vc2013\x64\release\tlibdecoderanalyser\seiread.obj
c:\users\dovel\documents\visual studio 2013\projects\hm-16.7_20180331\build\vc2013\x64\release\tlibdecoderanalyser\nalread.obj
c:\users\dovel\documents\visual studio 2013\projects\hm-16.7_20180331\build\vc2013\x64\release\tlibdecoderanalyser\annexbread.obj
c:\users\dovel\documents\visual studio 2013\projects\hm-16.7_20180331\build\vc2013\x64\release\tlibdecoderanalyser\tlibdecoderanalyser.lib
c:\users\dovel\documents\visual studio 2013\projects\hm-16.7-featureextractv2_20180720backup\build\vc2013\x64\release\tlibdecoderanalyser\annexbread.obj
c:\users\dovel\documents\visual studio 2013\projects\hm-16.7-featureextractv2_20180720backup\build\vc2013\x64\release\tlibdecoderanalyser\nalread.obj
c:\users\dovel\documents\visual studio 2013\projects\hm-16.7-featureextractv2_20180720backup\build\vc2013\x64\release\tlibdecoderanalyser\seiread.obj
c:\users\dovel\documents\visual studio 2013\projects\hm-16.7-featureextractv2_20180720backup\build\vc2013\x64\release\tlibdecoderanalyser\syntaxelementparser.obj
c:\users\dovel\documents\visual studio 2013\projects\hm-16.7-featureextractv2_20180720backup\build\vc2013\x64\release\tlibdecoderanalyser\tdecbincodercabac.obj
c:\users\dovel\documents\visual studio 2013\projects\hm-16.7-featureextractv2_20180720backup\build\vc2013\x64\release\tlibdecoderanalyser\tdeccavlc.obj
c:\users\dovel\documents\visual studio 2013\projects\hm-16.7-featureextractv2_20180720backup\build\vc2013\x64\release\tlibdecoderanalyser\tdeccu.obj
c:\users\dovel\documents\visual studio 2013\projects\hm-16.7-featureextractv2_20180720backup\build\vc2013\x64\release\tlibdecoderanalyser\tdecentropy.obj
c:\users\dovel\documents\visual studio 2013\projects\hm-16.7-featureextractv2_20180720backup\build\vc2013\x64\release\tlibdecoderanalyser\tdecgop.obj
c:\users\dovel\documents\visual studio 2013\projects\hm-16.7-featureextractv2_20180720backup\build\vc2013\x64\release\tlibdecoderanalyser\tdecsbac.obj
c:\users\dovel\documents\visual studio 2013\projects\hm-16.7-featureextractv2_20180720backup\build\vc2013\x64\release\tlibdecoderanalyser\tdecslice.obj
c:\users\dovel\documents\visual studio 2013\projects\hm-16.7-featureextractv2_20180720backup\build\vc2013\x64\release\tlibdecoderanalyser\tdectop.obj
c:\users\dovel\documents\visual studio 2013\projects\hm-16.7-featureextractv2_20180720backup\build\vc2013\x64\release\tlibdecoderanalyser\vc120.pdb
c:\users\dovel\documents\visual studio 2013\projects\hm-16.7-featureextractv2_20180720backup\build\\vc2013\x64\release\tlibdecoderanalyser\tlibdecoderanalyser.lib
c:\users\dovel\documents\visual studio 2013\projects\hm-16.7-featureextractv2_20180720backup\build\vc2013\x64\release\tlibdecoderanalyser\tlibdeco.68c1251a.tlog\cl.command.1.tlog
c:\users\dovel\documents\visual studio 2013\projects\hm-16.7-featureextractv2_20180720backup\build\vc2013\x64\release\tlibdecoderanalyser\tlibdeco.68c1251a.tlog\cl.read.1.tlog
c:\users\dovel\documents\visual studio 2013\projects\hm-16.7-featureextractv2_20180720backup\build\vc2013\x64\release\tlibdecoderanalyser\tlibdeco.68c1251a.tlog\cl.write.1.tlog
c:\users\dovel\documents\visual studio 2013\projects\hm-16.7-featureextractv2_20180720backup\build\vc2013\x64\release\tlibdecoderanalyser\tlibdeco.68c1251a.tlog\lib-link.read.1.tlog
c:\users\dovel\documents\visual studio 2013\projects\hm-16.7-featureextractv2_20180720backup\build\vc2013\x64\release\tlibdecoderanalyser\tlibdeco.68c1251a.tlog\lib-link.write.1.tlog
c:\users\dovel\documents\visual studio 2013\projects\hm-16.7-featureextractv2_20180720backup\build\vc2013\x64\release\tlibdecoderanalyser\tlibdeco.68c1251a.tlog\lib.command.1.tlog
